{"uuid":"b8fa30ca-73c3-4311-9c82-8496cf24cd28","historyId":"429470bea27c4a98e1fe80be1c66e12d","testCaseId":"[engine:junit-jupiter]/[class:tests.DropdownTest]/[method:testSelectOption()]","testCaseName":"testSelectOption()","fullName":"tests.DropdownTest.testSelectOption","labels":[{"name":"junit.platform.uniqueid","value":"[engine:junit-jupiter]/[class:tests.DropdownTest]/[method:testSelectOption()]"},{"name":"host","value":"MSK-40294"},{"name":"thread","value":"11424@MSK-40294.main(1)"},{"name":"framework","value":"junit-platform"},{"name":"language","value":"java"},{"name":"package","value":"tests.DropdownTest"},{"name":"testClass","value":"tests.DropdownTest"},{"name":"testMethod","value":"testSelectOption"},{"name":"suite","value":"tests.DropdownTest"}],"links":[],"name":"testSelectOption()","status":"broken","statusDetails":{"known":false,"muted":false,"flaky":false,"message":"no such window: target window already closed\nfrom unknown error: web view not found\n  (Session info: chrome=132.0.6834.160)\nBuild info: version: '4.27.0', revision: 'd6e718d134'\nSystem info: os.name: 'Windows 10', os.arch: 'amd64', os.version: '10.0', java.version: '23.0.2'\nDriver info: org.openqa.selenium.chrome.ChromeDriver\nCommand: [059bbc33b798c6ed89f4638aebafd517, findElement {value=dropdown, using=id}]\nCapabilities {acceptInsecureCerts: false, browserName: chrome, browserVersion: 132.0.6834.160, chrome: {chromedriverVersion: 132.0.6834.159 (2d77d3fc445..., userDataDir: C:\\Users\\ASARUT~1\\AppData\\L...}, fedcm:accounts: true, goog:chromeOptions: {debuggerAddress: localhost:51920}, networkConnectionEnabled: false, pageLoadStrategy: normal, platformName: windows, proxy: Proxy(), se:cdp: ws://localhost:51920/devtoo..., se:cdpVersion: 132.0.6834.160, setWindowRect: true, strictFileInteractability: false, timeouts: {implicit: 0, pageLoad: 300000, script: 30000}, unhandledPromptBehavior: dismiss and notify, webauthn:extension:credBlob: true, webauthn:extension:largeBlob: true, webauthn:extension:minPinLength: true, webauthn:extension:prf: true, webauthn:virtualAuthenticators: true}\nSession ID: 059bbc33b798c6ed89f4638aebafd517","trace":"org.openqa.selenium.NoSuchWindowException: no such window: target window already closed\nfrom unknown error: web view not found\n  (Session info: chrome=132.0.6834.160)\nBuild info: version: '4.27.0', revision: 'd6e718d134'\nSystem info: os.name: 'Windows 10', os.arch: 'amd64', os.version: '10.0', java.version: '23.0.2'\nDriver info: org.openqa.selenium.chrome.ChromeDriver\nCommand: [059bbc33b798c6ed89f4638aebafd517, findElement {value=dropdown, using=id}]\nCapabilities {acceptInsecureCerts: false, browserName: chrome, browserVersion: 132.0.6834.160, chrome: {chromedriverVersion: 132.0.6834.159 (2d77d3fc445..., userDataDir: C:\\Users\\ASARUT~1\\AppData\\L...}, fedcm:accounts: true, goog:chromeOptions: {debuggerAddress: localhost:51920}, networkConnectionEnabled: false, pageLoadStrategy: normal, platformName: windows, proxy: Proxy(), se:cdp: ws://localhost:51920/devtoo..., se:cdpVersion: 132.0.6834.160, setWindowRect: true, strictFileInteractability: false, timeouts: {implicit: 0, pageLoad: 300000, script: 30000}, unhandledPromptBehavior: dismiss and notify, webauthn:extension:credBlob: true, webauthn:extension:largeBlob: true, webauthn:extension:minPinLength: true, webauthn:extension:prf: true, webauthn:virtualAuthenticators: true}\nSession ID: 059bbc33b798c6ed89f4638aebafd517\r\n\tat java.base/jdk.internal.reflect.DirectConstructorHandleAccessor.newInstance(DirectConstructorHandleAccessor.java:62)\r\n\tat java.base/java.lang.reflect.Constructor.newInstanceWithCaller(Constructor.java:501)\r\n\tat java.base/java.lang.reflect.Constructor.newInstance(Constructor.java:485)\r\n\tat org.openqa.selenium.remote.ErrorCodec.decode(ErrorCodec.java:167)\r\n\tat org.openqa.selenium.remote.codec.w3c.W3CHttpResponseCodec.decode(W3CHttpResponseCodec.java:138)\r\n\tat org.openqa.selenium.remote.codec.w3c.W3CHttpResponseCodec.decode(W3CHttpResponseCodec.java:50)\r\n\tat org.openqa.selenium.remote.HttpCommandExecutor.execute(HttpCommandExecutor.java:190)\r\n\tat org.openqa.selenium.remote.service.DriverCommandExecutor.invokeExecute(DriverCommandExecutor.java:216)\r\n\tat org.openqa.selenium.remote.service.DriverCommandExecutor.execute(DriverCommandExecutor.java:174)\r\n\tat org.openqa.selenium.remote.RemoteWebDriver.execute(RemoteWebDriver.java:545)\r\n\tat org.openqa.selenium.remote.ElementLocation$ElementFinder$2.findElement(ElementLocation.java:165)\r\n\tat org.openqa.selenium.remote.ElementLocation.findElement(ElementLocation.java:66)\r\n\tat org.openqa.selenium.remote.RemoteWebDriver.findElement(RemoteWebDriver.java:368)\r\n\tat org.openqa.selenium.remote.RemoteWebDriver.findElement(RemoteWebDriver.java:362)\r\n\tat org.openqa.selenium.support.pagefactory.DefaultElementLocator.findElement(DefaultElementLocator.java:68)\r\n\tat org.openqa.selenium.support.pagefactory.internal.LocatingElementHandler.invoke(LocatingElementHandler.java:38)\r\n\tat jdk.proxy2/jdk.proxy2.$Proxy14.getTagName(Unknown Source)\r\n\tat org.openqa.selenium.support.ui.Select.<init>(Select.java:41)\r\n\tat pageobjects.DropdownPage.selectByVisibleText(DropdownPage.java:18)\r\n\tat steps.DropdownSteps.selectOption(DropdownSteps.java:14)\r\n\tat tests.DropdownTest.testSelectOption(DropdownTest.java:16)\r\n\tat java.base/java.lang.reflect.Method.invoke(Method.java:580)\r\n\tat java.base/java.util.ArrayList.forEach(ArrayList.java:1597)\r\n\tat java.base/java.util.ArrayList.forEach(ArrayList.java:1597)\r\n\tSuppressed: org.openqa.selenium.WebDriverException: java.io.IOException: Output closed\nBuild info: version: '4.27.0', revision: 'd6e718d134'\nSystem info: os.name: 'Windows 10', os.arch: 'amd64', os.version: '10.0', java.version: '23.0.2'\nDriver info: driver.version: ChromiumDriver\r\n\t\tat org.openqa.selenium.remote.http.jdk.JdkHttpClient$4.send(JdkHttpClient.java:321)\r\n\t\tat org.openqa.selenium.remote.http.jdk.JdkHttpClient$4.close(JdkHttpClient.java:340)\r\n\t\tat org.openqa.selenium.devtools.Connection.close(Connection.java:226)\r\n\t\tat org.openqa.selenium.devtools.DevTools.close(DevTools.java:61)\r\n\t\tat java.base/java.util.Optional.ifPresent(Optional.java:178)\r\n\t\tat org.openqa.selenium.remote.RemoteWebDriver.quit(RemoteWebDriver.java:439)\r\n\t\tat org.openqa.selenium.chromium.ChromiumDriver.quit(ChromiumDriver.java:436)\r\n\t\tat utils.WebDriverSession.closeDriver(WebDriverSession.java:20)\r\n\t\tat tests.BaseTest.tearDown(BaseTest.java:25)\r\n\t\tat java.base/java.lang.reflect.Method.invoke(Method.java:580)\r\n\t\tat io.qameta.allure.junit5.AllureJunit5.processFixture(AllureJunit5.java:138)\r\n\t\tat io.qameta.allure.junit5.AllureJunit5.interceptAfterEachMethod(AllureJunit5.java:124)\r\n\t\t... 2 more\r\n\tCaused by: java.io.IOException: Output closed\r\n\t\tat java.net.http/jdk.internal.net.http.websocket.MessageEncoder.encodeClose(MessageEncoder.java:330)\r\n\t\tat java.net.http/jdk.internal.net.http.websocket.TransportImpl$SendTask$1.onClose(TransportImpl.java:422)\r\n\t\tat java.net.http/jdk.internal.net.http.websocket.TransportImpl$SendTask$1.onClose(TransportImpl.java:367)\r\n\t\tat java.net.http/jdk.internal.net.http.websocket.MessageQueue.peek(MessageQueue.java:266)\r\n\t\tat java.net.http/jdk.internal.net.http.websocket.TransportImpl$SendTask.run(TransportImpl.java:555)\r\n\t\tat java.net.http/jdk.internal.net.http.common.SequentialScheduler$CompleteRestartableTask.run(SequentialScheduler.java:149)\r\n\t\tat java.net.http/jdk.internal.net.http.common.SequentialScheduler$TryEndDeferredCompleter.complete(SequentialScheduler.java:324)\r\n\t\tat java.net.http/jdk.internal.net.http.common.SequentialScheduler$CompleteRestartableTask.run(SequentialScheduler.java:151)\r\n\t\tat java.net.http/jdk.internal.net.http.common.SequentialScheduler$SchedulableTask.run(SequentialScheduler.java:207)\r\n\t\tat java.net.http/jdk.internal.net.http.common.SequentialScheduler.runOrSchedule(SequentialScheduler.java:280)\r\n\t\tat java.net.http/jdk.internal.net.http.common.SequentialScheduler.runOrSchedule(SequentialScheduler.java:233)\r\n\t\tat java.net.http/jdk.internal.net.http.websocket.TransportImpl.sendClose(TransportImpl.java:271)\r\n\t\tat java.net.http/jdk.internal.net.http.websocket.WebSocketImpl.sendClose0(WebSocketImpl.java:345)\r\n\t\tat java.net.http/jdk.internal.net.http.websocket.WebSocketImpl.sendCloseSilently(WebSocketImpl.java:660)\r\n\t\tat java.net.http/jdk.internal.net.http.websocket.WebSocketImpl$ReceiveTask.lambda$processClose$0(WebSocketImpl.java:549)\r\n\t\tat java.base/java.util.concurrent.CompletableFuture.uniWhenComplete(CompletableFuture.java:907)\r\n\t\tat java.base/java.util.concurrent.CompletableFuture.uniWhenCompleteStage(CompletableFuture.java:931)\r\n\t\tat java.base/java.util.concurrent.CompletableFuture.whenComplete(CompletableFuture.java:2401)\r\n\t\tat java.base/java.util.concurrent.CompletableFuture.whenComplete(CompletableFuture.java:144)\r\n\t\tat java.net.http/jdk.internal.net.http.websocket.WebSocketImpl$ReceiveTask.processClose(WebSocketImpl.java:544)\r\n\t\tat java.net.http/jdk.internal.net.http.websocket.WebSocketImpl$ReceiveTask.run(WebSocketImpl.java:459)\r\n\t\tat java.net.http/jdk.internal.net.http.common.SequentialScheduler$CompleteRestartableTask.run(SequentialScheduler.java:149)\r\n\t\tat java.net.http/jdk.internal.net.http.common.SequentialScheduler$SchedulableTask.run(SequentialScheduler.java:207)\r\n\t\tat java.base/java.util.concurrent.ThreadPoolExecutor.runWorker(ThreadPoolExecutor.java:1144)\r\n\t\tat java.base/java.util.concurrent.ThreadPoolExecutor$Worker.run(ThreadPoolExecutor.java:642)\r\n\t\tat java.base/java.lang.Thread.run(Thread.java:1575)\r\n"},"stage":"finished","description":"","steps":[],"attachments":[],"parameters":[],"start":1738359937426,"stop":1738359938447}